18-Apr-2022 08:56:01.572 信息 [main] org.apache.catalina.startup.VersionLoggerListener.log Server.服务器版本: Apache Tomcat/10.0.20
18-Apr-2022 08:56:01.582 信息 [main] org.apache.catalina.startup.VersionLoggerListener.log 服务器构建:        Mar 31 2022 14:24:36 UTC
18-Apr-2022 08:56:01.583 信息 [main] org.apache.catalina.startup.VersionLoggerListener.log 服务器版本号:      10.0.20.0
18-Apr-2022 08:56:01.583 信息 [main] org.apache.catalina.startup.VersionLoggerListener.log 操作系统名称:      Windows 10
18-Apr-2022 08:56:01.583 信息 [main] org.apache.catalina.startup.VersionLoggerListener.log OS.版本:           10.0
18-Apr-2022 08:56:01.584 信息 [main] org.apache.catalina.startup.VersionLoggerListener.log 架构:              amd64
18-Apr-2022 08:56:01.584 信息 [main] org.apache.catalina.startup.VersionLoggerListener.log Java 环境变量:     C:\Program Files\Java\jdk-17
18-Apr-2022 08:56:01.584 信息 [main] org.apache.catalina.startup.VersionLoggerListener.log Java虚拟机版本:    17+35-2724
18-Apr-2022 08:56:01.584 信息 [main] org.apache.catalina.startup.VersionLoggerListener.log JVM.供应商:        Oracle Corporation
18-Apr-2022 08:56:01.584 信息 [main] org.apache.catalina.startup.VersionLoggerListener.log CATALINA_BASE:     E:\java\javaWeb\尚硅谷最新版JavaWeb全套教程资料\资料\05-XML & Tomcat\资料\apache-tomcat-10.0.20-windows-x64\apache-tomcat-10.0.20
18-Apr-2022 08:56:01.584 信息 [main] org.apache.catalina.startup.VersionLoggerListener.log CATALINA_HOME:     E:\java\javaWeb\尚硅谷最新版JavaWeb全套教程资料\资料\05-XML & Tomcat\资料\apache-tomcat-10.0.20-windows-x64\apache-tomcat-10.0.20
18-Apr-2022 08:56:01.590 信息 [main] org.apache.catalina.startup.VersionLoggerListener.log 命令行参数：       --add-opens=java.base/java.lang=ALL-UNNAMED
18-Apr-2022 08:56:01.590 信息 [main] org.apache.catalina.startup.VersionLoggerListener.log 命令行参数：       --add-opens=java.base/java.io=ALL-UNNAMED
18-Apr-2022 08:56:01.591 信息 [main] org.apache.catalina.startup.VersionLoggerListener.log 命令行参数：       --add-opens=java.base/java.util=ALL-UNNAMED
18-Apr-2022 08:56:01.591 信息 [main] org.apache.catalina.startup.VersionLoggerListener.log 命令行参数：       --add-opens=java.base/java.util.concurrent=ALL-UNNAMED
18-Apr-2022 08:56:01.592 信息 [main] org.apache.catalina.startup.VersionLoggerListener.log 命令行参数：       --add-opens=java.rmi/sun.rmi.transport=ALL-UNNAMED
18-Apr-2022 08:56:01.592 信息 [main] org.apache.catalina.startup.VersionLoggerListener.log 命令行参数：       -Djava.util.logging.config.file=E:\java\javaWeb\尚硅谷最新版JavaWeb全套教程资料\资料\05-XML & Tomcat\资料\apache-tomcat-10.0.20-windows-x64\apache-tomcat-10.0.20\conf\logging.properties
18-Apr-2022 08:56:01.592 信息 [main] org.apache.catalina.startup.VersionLoggerListener.log 命令行参数：       -Djava.util.logging.manager=org.apache.juli.ClassLoaderLogManager
18-Apr-2022 08:56:01.593 信息 [main] org.apache.catalina.startup.VersionLoggerListener.log 命令行参数：       -Djdk.tls.ephemeralDHKeySize=2048
18-Apr-2022 08:56:01.593 信息 [main] org.apache.catalina.startup.VersionLoggerListener.log 命令行参数：       -Djava.protocol.handler.pkgs=org.apache.catalina.webresources
18-Apr-2022 08:56:01.593 信息 [main] org.apache.catalina.startup.VersionLoggerListener.log 命令行参数：       -Dignore.endorsed.dirs=
18-Apr-2022 08:56:01.594 信息 [main] org.apache.catalina.startup.VersionLoggerListener.log 命令行参数：       -Dcatalina.base=E:\java\javaWeb\尚硅谷最新版JavaWeb全套教程资料\资料\05-XML & Tomcat\资料\apache-tomcat-10.0.20-windows-x64\apache-tomcat-10.0.20
18-Apr-2022 08:56:01.594 信息 [main] org.apache.catalina.startup.VersionLoggerListener.log 命令行参数：       -Dcatalina.home=E:\java\javaWeb\尚硅谷最新版JavaWeb全套教程资料\资料\05-XML & Tomcat\资料\apache-tomcat-10.0.20-windows-x64\apache-tomcat-10.0.20
18-Apr-2022 08:56:01.595 信息 [main] org.apache.catalina.startup.VersionLoggerListener.log 命令行参数：       -Djava.io.tmpdir=E:\java\javaWeb\尚硅谷最新版JavaWeb全套教程资料\资料\05-XML & Tomcat\资料\apache-tomcat-10.0.20-windows-x64\apache-tomcat-10.0.20\temp
18-Apr-2022 08:56:01.599 信息 [main] org.apache.catalina.core.AprLifecycleListener.lifecycleEvent 使用APR版本[1.7.0]加载了基于APR的Apache Tomcat本机库[1.2.32]。
18-Apr-2022 08:56:01.600 信息 [main] org.apache.catalina.core.AprLifecycleListener.lifecycleEvent APR功能：IPv6[true]、sendfile[true]、accept filters[false]、random[true]、UDS [true]。
18-Apr-2022 08:56:01.607 信息 [main] org.apache.catalina.core.AprLifecycleListener.initializeSSL OpenSSL成功初始化 [OpenSSL 1.1.1n  15 Mar 2022]
18-Apr-2022 08:56:01.899 信息 [main] org.apache.coyote.AbstractProtocol.init 初始化协议处理器 ["http-nio-8080"]
18-Apr-2022 08:56:01.921 信息 [main] org.apache.catalina.startup.Catalina.load 服务器在[545]毫秒内初始化
18-Apr-2022 08:56:01.956 信息 [main] org.apache.catalina.core.StandardService.startInternal 正在启动服务[Catalina]
18-Apr-2022 08:56:01.956 信息 [main] org.apache.catalina.core.StandardEngine.startInternal 正在启动 Servlet 引擎：[Apache Tomcat/10.0.20]
18-Apr-2022 08:56:01.965 信息 [main] org.apache.catalina.startup.HostConfig.deployDirectory 把web 应用程序部署到目录 [E:\java\javaWeb\尚硅谷最新版JavaWeb全套教程资料\资料\05-XML & Tomcat\资料\apache-tomcat-10.0.20-windows-x64\apache-tomcat-10.0.20\webapps\docs]
18-Apr-2022 08:56:02.265 信息 [main] org.apache.catalina.startup.HostConfig.deployDirectory Web应用程序目录[E:\java\javaWeb\尚硅谷最新版JavaWeb全套教程资料\资料\05-XML & Tomcat\资料\apache-tomcat-10.0.20-windows-x64\apache-tomcat-10.0.20\webapps\docs]的部署已在[297]毫秒内完成
18-Apr-2022 08:56:02.279 信息 [main] org.apache.catalina.startup.HostConfig.deployDirectory 把web 应用程序部署到目录 [E:\java\javaWeb\尚硅谷最新版JavaWeb全套教程资料\资料\05-XML & Tomcat\资料\apache-tomcat-10.0.20-windows-x64\apache-tomcat-10.0.20\webapps\examples]
18-Apr-2022 08:56:02.734 信息 [main] org.apache.catalina.startup.HostConfig.deployDirectory Web应用程序目录[E:\java\javaWeb\尚硅谷最新版JavaWeb全套教程资料\资料\05-XML & Tomcat\资料\apache-tomcat-10.0.20-windows-x64\apache-tomcat-10.0.20\webapps\examples]的部署已在[455]毫秒内完成
18-Apr-2022 08:56:02.747 信息 [main] org.apache.catalina.startup.HostConfig.deployDirectory 把web 应用程序部署到目录 [E:\java\javaWeb\尚硅谷最新版JavaWeb全套教程资料\资料\05-XML & Tomcat\资料\apache-tomcat-10.0.20-windows-x64\apache-tomcat-10.0.20\webapps\host-manager]
18-Apr-2022 08:56:02.798 信息 [main] org.apache.catalina.startup.HostConfig.deployDirectory Web应用程序目录[E:\java\javaWeb\尚硅谷最新版JavaWeb全套教程资料\资料\05-XML & Tomcat\资料\apache-tomcat-10.0.20-windows-x64\apache-tomcat-10.0.20\webapps\host-manager]的部署已在[51]毫秒内完成
18-Apr-2022 08:56:02.810 信息 [main] org.apache.catalina.startup.HostConfig.deployDirectory 把web 应用程序部署到目录 [E:\java\javaWeb\尚硅谷最新版JavaWeb全套教程资料\资料\05-XML & Tomcat\资料\apache-tomcat-10.0.20-windows-x64\apache-tomcat-10.0.20\webapps\manager]
18-Apr-2022 08:56:02.864 信息 [main] org.apache.catalina.startup.HostConfig.deployDirectory Web应用程序目录[E:\java\javaWeb\尚硅谷最新版JavaWeb全套教程资料\资料\05-XML & Tomcat\资料\apache-tomcat-10.0.20-windows-x64\apache-tomcat-10.0.20\webapps\manager]的部署已在[53]毫秒内完成
18-Apr-2022 08:56:02.876 信息 [main] org.apache.catalina.startup.HostConfig.deployDirectory 把web 应用程序部署到目录 [E:\java\javaWeb\尚硅谷最新版JavaWeb全套教程资料\资料\05-XML & Tomcat\资料\apache-tomcat-10.0.20-windows-x64\apache-tomcat-10.0.20\webapps\ROOT]
18-Apr-2022 08:56:02.906 信息 [main] org.apache.catalina.startup.HostConfig.deployDirectory Web应用程序目录[E:\java\javaWeb\尚硅谷最新版JavaWeb全套教程资料\资料\05-XML & Tomcat\资料\apache-tomcat-10.0.20-windows-x64\apache-tomcat-10.0.20\webapps\ROOT]的部署已在[30]毫秒内完成
18-Apr-2022 08:56:02.909 信息 [main] org.apache.coyote.AbstractProtocol.start 开始协议处理句柄["http-nio-8080"]
18-Apr-2022 08:56:02.999 信息 [main] org.apache.catalina.startup.Catalina.start [1077]毫秒后服务器启动
18-Apr-2022 08:58:02.369 信息 [Thread-2] org.apache.coyote.AbstractProtocol.pause 暂停ProtocolHandler["http-nio-8080"]
18-Apr-2022 08:58:02.397 信息 [Thread-2] org.apache.catalina.core.StandardService.stopInternal 正在停止服务[Catalina]
18-Apr-2022 08:58:02.413 信息 [Thread-2] org.apache.coyote.AbstractProtocol.stop 正在停止ProtocolHandler ["http-nio-8080"]
18-Apr-2022 08:58:02.426 信息 [Thread-2] org.apache.coyote.AbstractProtocol.destroy 正在摧毁协议处理器 ["http-nio-8080"]
18-Apr-2022 08:58:16.752 信息 [main] org.apache.catalina.startup.VersionLoggerListener.log Server.服务器版本: Apache Tomcat/10.0.20
18-Apr-2022 08:58:16.756 信息 [main] org.apache.catalina.startup.VersionLoggerListener.log 服务器构建:        Mar 31 2022 14:24:36 UTC
18-Apr-2022 08:58:16.758 信息 [main] org.apache.catalina.startup.VersionLoggerListener.log 服务器版本号:      10.0.20.0
18-Apr-2022 08:58:16.758 信息 [main] org.apache.catalina.startup.VersionLoggerListener.log 操作系统名称:      Windows 10
18-Apr-2022 08:58:16.758 信息 [main] org.apache.catalina.startup.VersionLoggerListener.log OS.版本:           10.0
18-Apr-2022 08:58:16.759 信息 [main] org.apache.catalina.startup.VersionLoggerListener.log 架构:              amd64
18-Apr-2022 08:58:16.759 信息 [main] org.apache.catalina.startup.VersionLoggerListener.log Java 环境变量:     C:\Program Files\Java\jdk-17
18-Apr-2022 08:58:16.759 信息 [main] org.apache.catalina.startup.VersionLoggerListener.log Java虚拟机版本:    17+35-2724
18-Apr-2022 08:58:16.759 信息 [main] org.apache.catalina.startup.VersionLoggerListener.log JVM.供应商:        Oracle Corporation
18-Apr-2022 08:58:16.759 信息 [main] org.apache.catalina.startup.VersionLoggerListener.log CATALINA_BASE:     E:\java\javaWeb\尚硅谷最新版JavaWeb全套教程资料\资料\05-XML & Tomcat\资料\apache-tomcat-10.0.20-windows-x64\apache-tomcat-10.0.20
18-Apr-2022 08:58:16.759 信息 [main] org.apache.catalina.startup.VersionLoggerListener.log CATALINA_HOME:     E:\java\javaWeb\尚硅谷最新版JavaWeb全套教程资料\资料\05-XML & Tomcat\资料\apache-tomcat-10.0.20-windows-x64\apache-tomcat-10.0.20
18-Apr-2022 08:58:16.769 信息 [main] org.apache.catalina.startup.VersionLoggerListener.log 命令行参数：       --add-opens=java.base/java.lang=ALL-UNNAMED
18-Apr-2022 08:58:16.769 信息 [main] org.apache.catalina.startup.VersionLoggerListener.log 命令行参数：       --add-opens=java.base/java.io=ALL-UNNAMED
18-Apr-2022 08:58:16.769 信息 [main] org.apache.catalina.startup.VersionLoggerListener.log 命令行参数：       --add-opens=java.base/java.util=ALL-UNNAMED
18-Apr-2022 08:58:16.769 信息 [main] org.apache.catalina.startup.VersionLoggerListener.log 命令行参数：       --add-opens=java.base/java.util.concurrent=ALL-UNNAMED
18-Apr-2022 08:58:16.769 信息 [main] org.apache.catalina.startup.VersionLoggerListener.log 命令行参数：       --add-opens=java.rmi/sun.rmi.transport=ALL-UNNAMED
18-Apr-2022 08:58:16.770 信息 [main] org.apache.catalina.startup.VersionLoggerListener.log 命令行参数：       -Djava.util.logging.config.file=E:\java\javaWeb\尚硅谷最新版JavaWeb全套教程资料\资料\05-XML & Tomcat\资料\apache-tomcat-10.0.20-windows-x64\apache-tomcat-10.0.20\conf\logging.properties
18-Apr-2022 08:58:16.770 信息 [main] org.apache.catalina.startup.VersionLoggerListener.log 命令行参数：       -Djava.util.logging.manager=org.apache.juli.ClassLoaderLogManager
18-Apr-2022 08:58:16.771 信息 [main] org.apache.catalina.startup.VersionLoggerListener.log 命令行参数：       -Djdk.tls.ephemeralDHKeySize=2048
18-Apr-2022 08:58:16.771 信息 [main] org.apache.catalina.startup.VersionLoggerListener.log 命令行参数：       -Djava.protocol.handler.pkgs=org.apache.catalina.webresources
18-Apr-2022 08:58:16.771 信息 [main] org.apache.catalina.startup.VersionLoggerListener.log 命令行参数：       -Dignore.endorsed.dirs=
18-Apr-2022 08:58:16.771 信息 [main] org.apache.catalina.startup.VersionLoggerListener.log 命令行参数：       -Dcatalina.base=E:\java\javaWeb\尚硅谷最新版JavaWeb全套教程资料\资料\05-XML & Tomcat\资料\apache-tomcat-10.0.20-windows-x64\apache-tomcat-10.0.20
18-Apr-2022 08:58:16.771 信息 [main] org.apache.catalina.startup.VersionLoggerListener.log 命令行参数：       -Dcatalina.home=E:\java\javaWeb\尚硅谷最新版JavaWeb全套教程资料\资料\05-XML & Tomcat\资料\apache-tomcat-10.0.20-windows-x64\apache-tomcat-10.0.20
18-Apr-2022 08:58:16.772 信息 [main] org.apache.catalina.startup.VersionLoggerListener.log 命令行参数：       -Djava.io.tmpdir=E:\java\javaWeb\尚硅谷最新版JavaWeb全套教程资料\资料\05-XML & Tomcat\资料\apache-tomcat-10.0.20-windows-x64\apache-tomcat-10.0.20\temp
18-Apr-2022 08:58:16.775 信息 [main] org.apache.catalina.core.AprLifecycleListener.lifecycleEvent 使用APR版本[1.7.0]加载了基于APR的Apache Tomcat本机库[1.2.32]。
18-Apr-2022 08:58:16.775 信息 [main] org.apache.catalina.core.AprLifecycleListener.lifecycleEvent APR功能：IPv6[true]、sendfile[true]、accept filters[false]、random[true]、UDS [true]。
18-Apr-2022 08:58:16.781 信息 [main] org.apache.catalina.core.AprLifecycleListener.initializeSSL OpenSSL成功初始化 [OpenSSL 1.1.1n  15 Mar 2022]
18-Apr-2022 08:58:17.029 信息 [main] org.apache.coyote.AbstractProtocol.init 初始化协议处理器 ["http-nio-8080"]
18-Apr-2022 08:58:17.052 信息 [main] org.apache.catalina.startup.Catalina.load 服务器在[480]毫秒内初始化
18-Apr-2022 08:58:17.085 信息 [main] org.apache.catalina.core.StandardService.startInternal 正在启动服务[Catalina]
18-Apr-2022 08:58:17.086 信息 [main] org.apache.catalina.core.StandardEngine.startInternal 正在启动 Servlet 引擎：[Apache Tomcat/10.0.20]
18-Apr-2022 08:58:17.094 信息 [main] org.apache.catalina.startup.HostConfig.deployDirectory 把web 应用程序部署到目录 [E:\java\javaWeb\尚硅谷最新版JavaWeb全套教程资料\资料\05-XML & Tomcat\资料\apache-tomcat-10.0.20-windows-x64\apache-tomcat-10.0.20\webapps\docs]
18-Apr-2022 08:58:17.391 信息 [main] org.apache.catalina.startup.HostConfig.deployDirectory Web应用程序目录[E:\java\javaWeb\尚硅谷最新版JavaWeb全套教程资料\资料\05-XML & Tomcat\资料\apache-tomcat-10.0.20-windows-x64\apache-tomcat-10.0.20\webapps\docs]的部署已在[295]毫秒内完成
18-Apr-2022 08:58:17.391 信息 [main] org.apache.catalina.startup.HostConfig.deployDirectory 把web 应用程序部署到目录 [E:\java\javaWeb\尚硅谷最新版JavaWeb全套教程资料\资料\05-XML & Tomcat\资料\apache-tomcat-10.0.20-windows-x64\apache-tomcat-10.0.20\webapps\examples]
18-Apr-2022 08:58:17.856 信息 [main] org.apache.catalina.startup.HostConfig.deployDirectory Web应用程序目录[E:\java\javaWeb\尚硅谷最新版JavaWeb全套教程资料\资料\05-XML & Tomcat\资料\apache-tomcat-10.0.20-windows-x64\apache-tomcat-10.0.20\webapps\examples]的部署已在[465]毫秒内完成
18-Apr-2022 08:58:17.856 信息 [main] org.apache.catalina.startup.HostConfig.deployDirectory 把web 应用程序部署到目录 [E:\java\javaWeb\尚硅谷最新版JavaWeb全套教程资料\资料\05-XML & Tomcat\资料\apache-tomcat-10.0.20-windows-x64\apache-tomcat-10.0.20\webapps\host-manager]
18-Apr-2022 08:58:17.910 信息 [main] org.apache.catalina.startup.HostConfig.deployDirectory Web应用程序目录[E:\java\javaWeb\尚硅谷最新版JavaWeb全套教程资料\资料\05-XML & Tomcat\资料\apache-tomcat-10.0.20-windows-x64\apache-tomcat-10.0.20\webapps\host-manager]的部署已在[54]毫秒内完成
18-Apr-2022 08:58:17.911 信息 [main] org.apache.catalina.startup.HostConfig.deployDirectory 把web 应用程序部署到目录 [E:\java\javaWeb\尚硅谷最新版JavaWeb全套教程资料\资料\05-XML & Tomcat\资料\apache-tomcat-10.0.20-windows-x64\apache-tomcat-10.0.20\webapps\manager]
18-Apr-2022 08:58:17.968 信息 [main] org.apache.catalina.startup.HostConfig.deployDirectory Web应用程序目录[E:\java\javaWeb\尚硅谷最新版JavaWeb全套教程资料\资料\05-XML & Tomcat\资料\apache-tomcat-10.0.20-windows-x64\apache-tomcat-10.0.20\webapps\manager]的部署已在[58]毫秒内完成
18-Apr-2022 08:58:17.969 信息 [main] org.apache.catalina.startup.HostConfig.deployDirectory 把web 应用程序部署到目录 [E:\java\javaWeb\尚硅谷最新版JavaWeb全套教程资料\资料\05-XML & Tomcat\资料\apache-tomcat-10.0.20-windows-x64\apache-tomcat-10.0.20\webapps\ROOT]
18-Apr-2022 08:58:18.000 信息 [main] org.apache.catalina.startup.HostConfig.deployDirectory Web应用程序目录[E:\java\javaWeb\尚硅谷最新版JavaWeb全套教程资料\资料\05-XML & Tomcat\资料\apache-tomcat-10.0.20-windows-x64\apache-tomcat-10.0.20\webapps\ROOT]的部署已在[31]毫秒内完成
18-Apr-2022 08:58:18.003 信息 [main] org.apache.coyote.AbstractProtocol.start 开始协议处理句柄["http-nio-8080"]
18-Apr-2022 08:58:18.070 信息 [main] org.apache.catalina.startup.Catalina.start [1018]毫秒后服务器启动
18-Apr-2022 09:34:47.659 信息 [main] org.apache.catalina.startup.VersionLoggerListener.log Server.服务器版本: Apache Tomcat/10.0.20
18-Apr-2022 09:34:47.665 信息 [main] org.apache.catalina.startup.VersionLoggerListener.log 服务器构建:        Mar 31 2022 14:24:36 UTC
18-Apr-2022 09:34:47.665 信息 [main] org.apache.catalina.startup.VersionLoggerListener.log 服务器版本号:      10.0.20.0
18-Apr-2022 09:34:47.665 信息 [main] org.apache.catalina.startup.VersionLoggerListener.log 操作系统名称:      Windows 10
18-Apr-2022 09:34:47.665 信息 [main] org.apache.catalina.startup.VersionLoggerListener.log OS.版本:           10.0
18-Apr-2022 09:34:47.665 信息 [main] org.apache.catalina.startup.VersionLoggerListener.log 架构:              amd64
18-Apr-2022 09:34:47.666 信息 [main] org.apache.catalina.startup.VersionLoggerListener.log Java 环境变量:     C:\Program Files\Java\jdk-17
18-Apr-2022 09:34:47.666 信息 [main] org.apache.catalina.startup.VersionLoggerListener.log Java虚拟机版本:    17+35-2724
18-Apr-2022 09:34:47.666 信息 [main] org.apache.catalina.startup.VersionLoggerListener.log JVM.供应商:        Oracle Corporation
18-Apr-2022 09:34:47.666 信息 [main] org.apache.catalina.startup.VersionLoggerListener.log CATALINA_BASE:     E:\java\javaWeb\尚硅谷最新版JavaWeb全套教程资料\资料\05-XML & Tomcat\资料\apache-tomcat-10.0.20-windows-x64\apache-tomcat-10.0.20
18-Apr-2022 09:34:47.666 信息 [main] org.apache.catalina.startup.VersionLoggerListener.log CATALINA_HOME:     E:\java\javaWeb\尚硅谷最新版JavaWeb全套教程资料\资料\05-XML & Tomcat\资料\apache-tomcat-10.0.20-windows-x64\apache-tomcat-10.0.20
18-Apr-2022 09:34:47.676 信息 [main] org.apache.catalina.startup.VersionLoggerListener.log 命令行参数：       --add-opens=java.base/java.lang=ALL-UNNAMED
18-Apr-2022 09:34:47.681 信息 [main] org.apache.catalina.startup.VersionLoggerListener.log 命令行参数：       --add-opens=java.base/java.io=ALL-UNNAMED
18-Apr-2022 09:34:47.681 信息 [main] org.apache.catalina.startup.VersionLoggerListener.log 命令行参数：       --add-opens=java.base/java.util=ALL-UNNAMED
18-Apr-2022 09:34:47.682 信息 [main] org.apache.catalina.startup.VersionLoggerListener.log 命令行参数：       --add-opens=java.base/java.util.concurrent=ALL-UNNAMED
18-Apr-2022 09:34:47.682 信息 [main] org.apache.catalina.startup.VersionLoggerListener.log 命令行参数：       --add-opens=java.rmi/sun.rmi.transport=ALL-UNNAMED
18-Apr-2022 09:34:47.683 信息 [main] org.apache.catalina.startup.VersionLoggerListener.log 命令行参数：       -Djava.util.logging.config.file=E:\java\javaWeb\尚硅谷最新版JavaWeb全套教程资料\资料\05-XML & Tomcat\资料\apache-tomcat-10.0.20-windows-x64\apache-tomcat-10.0.20\conf\logging.properties
18-Apr-2022 09:34:47.683 信息 [main] org.apache.catalina.startup.VersionLoggerListener.log 命令行参数：       -Djava.util.logging.manager=org.apache.juli.ClassLoaderLogManager
18-Apr-2022 09:34:47.684 信息 [main] org.apache.catalina.startup.VersionLoggerListener.log 命令行参数：       -Djdk.tls.ephemeralDHKeySize=2048
18-Apr-2022 09:34:47.684 信息 [main] org.apache.catalina.startup.VersionLoggerListener.log 命令行参数：       -Djava.protocol.handler.pkgs=org.apache.catalina.webresources
18-Apr-2022 09:34:47.685 信息 [main] org.apache.catalina.startup.VersionLoggerListener.log 命令行参数：       -Dignore.endorsed.dirs=
18-Apr-2022 09:34:47.685 信息 [main] org.apache.catalina.startup.VersionLoggerListener.log 命令行参数：       -Dcatalina.base=E:\java\javaWeb\尚硅谷最新版JavaWeb全套教程资料\资料\05-XML & Tomcat\资料\apache-tomcat-10.0.20-windows-x64\apache-tomcat-10.0.20
18-Apr-2022 09:34:47.686 信息 [main] org.apache.catalina.startup.VersionLoggerListener.log 命令行参数：       -Dcatalina.home=E:\java\javaWeb\尚硅谷最新版JavaWeb全套教程资料\资料\05-XML & Tomcat\资料\apache-tomcat-10.0.20-windows-x64\apache-tomcat-10.0.20
18-Apr-2022 09:34:47.686 信息 [main] org.apache.catalina.startup.VersionLoggerListener.log 命令行参数：       -Djava.io.tmpdir=E:\java\javaWeb\尚硅谷最新版JavaWeb全套教程资料\资料\05-XML & Tomcat\资料\apache-tomcat-10.0.20-windows-x64\apache-tomcat-10.0.20\temp
18-Apr-2022 09:34:47.689 信息 [main] org.apache.catalina.core.AprLifecycleListener.lifecycleEvent 使用APR版本[1.7.0]加载了基于APR的Apache Tomcat本机库[1.2.32]。
18-Apr-2022 09:34:47.689 信息 [main] org.apache.catalina.core.AprLifecycleListener.lifecycleEvent APR功能：IPv6[true]、sendfile[true]、accept filters[false]、random[true]、UDS [true]。
18-Apr-2022 09:34:47.695 信息 [main] org.apache.catalina.core.AprLifecycleListener.initializeSSL OpenSSL成功初始化 [OpenSSL 1.1.1n  15 Mar 2022]
18-Apr-2022 09:34:47.932 信息 [main] org.apache.coyote.AbstractProtocol.init 初始化协议处理器 ["http-nio-8080"]
18-Apr-2022 09:34:47.953 信息 [main] org.apache.catalina.startup.Catalina.load 服务器在[469]毫秒内初始化
18-Apr-2022 09:34:47.992 信息 [main] org.apache.catalina.core.StandardService.startInternal 正在启动服务[Catalina]
18-Apr-2022 09:34:47.992 信息 [main] org.apache.catalina.core.StandardEngine.startInternal 正在启动 Servlet 引擎：[Apache Tomcat/10.0.20]
18-Apr-2022 09:34:48.003 信息 [main] org.apache.catalina.startup.HostConfig.deployDirectory 把web 应用程序部署到目录 [E:\java\javaWeb\尚硅谷最新版JavaWeb全套教程资料\资料\05-XML & Tomcat\资料\apache-tomcat-10.0.20-windows-x64\apache-tomcat-10.0.20\webapps\docs]
18-Apr-2022 09:34:48.302 信息 [main] org.apache.catalina.startup.HostConfig.deployDirectory Web应用程序目录[E:\java\javaWeb\尚硅谷最新版JavaWeb全套教程资料\资料\05-XML & Tomcat\资料\apache-tomcat-10.0.20-windows-x64\apache-tomcat-10.0.20\webapps\docs]的部署已在[297]毫秒内完成
18-Apr-2022 09:34:48.302 信息 [main] org.apache.catalina.startup.HostConfig.deployDirectory 把web 应用程序部署到目录 [E:\java\javaWeb\尚硅谷最新版JavaWeb全套教程资料\资料\05-XML & Tomcat\资料\apache-tomcat-10.0.20-windows-x64\apache-tomcat-10.0.20\webapps\examples]
18-Apr-2022 09:34:48.754 信息 [main] org.apache.catalina.startup.HostConfig.deployDirectory Web应用程序目录[E:\java\javaWeb\尚硅谷最新版JavaWeb全套教程资料\资料\05-XML & Tomcat\资料\apache-tomcat-10.0.20-windows-x64\apache-tomcat-10.0.20\webapps\examples]的部署已在[452]毫秒内完成
18-Apr-2022 09:34:48.754 信息 [main] org.apache.catalina.startup.HostConfig.deployDirectory 把web 应用程序部署到目录 [E:\java\javaWeb\尚硅谷最新版JavaWeb全套教程资料\资料\05-XML & Tomcat\资料\apache-tomcat-10.0.20-windows-x64\apache-tomcat-10.0.20\webapps\host-manager]
18-Apr-2022 09:34:48.803 信息 [main] org.apache.catalina.startup.HostConfig.deployDirectory Web应用程序目录[E:\java\javaWeb\尚硅谷最新版JavaWeb全套教程资料\资料\05-XML & Tomcat\资料\apache-tomcat-10.0.20-windows-x64\apache-tomcat-10.0.20\webapps\host-manager]的部署已在[49]毫秒内完成
18-Apr-2022 09:34:48.803 信息 [main] org.apache.catalina.startup.HostConfig.deployDirectory 把web 应用程序部署到目录 [E:\java\javaWeb\尚硅谷最新版JavaWeb全套教程资料\资料\05-XML & Tomcat\资料\apache-tomcat-10.0.20-windows-x64\apache-tomcat-10.0.20\webapps\manager]
18-Apr-2022 09:34:48.856 信息 [main] org.apache.catalina.startup.HostConfig.deployDirectory Web应用程序目录[E:\java\javaWeb\尚硅谷最新版JavaWeb全套教程资料\资料\05-XML & Tomcat\资料\apache-tomcat-10.0.20-windows-x64\apache-tomcat-10.0.20\webapps\manager]的部署已在[53]毫秒内完成
18-Apr-2022 09:34:48.856 信息 [main] org.apache.catalina.startup.HostConfig.deployDirectory 把web 应用程序部署到目录 [E:\java\javaWeb\尚硅谷最新版JavaWeb全套教程资料\资料\05-XML & Tomcat\资料\apache-tomcat-10.0.20-windows-x64\apache-tomcat-10.0.20\webapps\ROOT]
18-Apr-2022 09:34:48.887 信息 [main] org.apache.catalina.startup.HostConfig.deployDirectory Web应用程序目录[E:\java\javaWeb\尚硅谷最新版JavaWeb全套教程资料\资料\05-XML & Tomcat\资料\apache-tomcat-10.0.20-windows-x64\apache-tomcat-10.0.20\webapps\ROOT]的部署已在[31]毫秒内完成
18-Apr-2022 09:34:48.890 信息 [main] org.apache.coyote.AbstractProtocol.start 开始协议处理句柄["http-nio-8080"]
18-Apr-2022 09:34:48.956 信息 [main] org.apache.catalina.startup.Catalina.start [1002]毫秒后服务器启动
18-Apr-2022 09:37:06.206 信息 [main] org.apache.catalina.startup.VersionLoggerListener.log Server.服务器版本: Apache Tomcat/10.0.20
18-Apr-2022 09:37:06.211 信息 [main] org.apache.catalina.startup.VersionLoggerListener.log 服务器构建:        Mar 31 2022 14:24:36 UTC
18-Apr-2022 09:37:06.212 信息 [main] org.apache.catalina.startup.VersionLoggerListener.log 服务器版本号:      10.0.20.0
18-Apr-2022 09:37:06.212 信息 [main] org.apache.catalina.startup.VersionLoggerListener.log 操作系统名称:      Windows 10
18-Apr-2022 09:37:06.212 信息 [main] org.apache.catalina.startup.VersionLoggerListener.log OS.版本:           10.0
18-Apr-2022 09:37:06.212 信息 [main] org.apache.catalina.startup.VersionLoggerListener.log 架构:              amd64
18-Apr-2022 09:37:06.212 信息 [main] org.apache.catalina.startup.VersionLoggerListener.log Java 环境变量:     C:\Program Files\Java\jdk-17
18-Apr-2022 09:37:06.212 信息 [main] org.apache.catalina.startup.VersionLoggerListener.log Java虚拟机版本:    17+35-2724
18-Apr-2022 09:37:06.213 信息 [main] org.apache.catalina.startup.VersionLoggerListener.log JVM.供应商:        Oracle Corporation
18-Apr-2022 09:37:06.213 信息 [main] org.apache.catalina.startup.VersionLoggerListener.log CATALINA_BASE:     E:\java\javaWeb\尚硅谷最新版JavaWeb全套教程资料\资料\05-XML & Tomcat\资料\apache-tomcat-10.0.20-windows-x64\apache-tomcat-10.0.20
18-Apr-2022 09:37:06.213 信息 [main] org.apache.catalina.startup.VersionLoggerListener.log CATALINA_HOME:     E:\java\javaWeb\尚硅谷最新版JavaWeb全套教程资料\资料\05-XML & Tomcat\资料\apache-tomcat-10.0.20-windows-x64\apache-tomcat-10.0.20
18-Apr-2022 09:37:06.221 信息 [main] org.apache.catalina.startup.VersionLoggerListener.log 命令行参数：       --add-opens=java.base/java.lang=ALL-UNNAMED
18-Apr-2022 09:37:06.222 信息 [main] org.apache.catalina.startup.VersionLoggerListener.log 命令行参数：       --add-opens=java.base/java.io=ALL-UNNAMED
18-Apr-2022 09:37:06.222 信息 [main] org.apache.catalina.startup.VersionLoggerListener.log 命令行参数：       --add-opens=java.base/java.util=ALL-UNNAMED
18-Apr-2022 09:37:06.222 信息 [main] org.apache.catalina.startup.VersionLoggerListener.log 命令行参数：       --add-opens=java.base/java.util.concurrent=ALL-UNNAMED
18-Apr-2022 09:37:06.222 信息 [main] org.apache.catalina.startup.VersionLoggerListener.log 命令行参数：       --add-opens=java.rmi/sun.rmi.transport=ALL-UNNAMED
18-Apr-2022 09:37:06.223 信息 [main] org.apache.catalina.startup.VersionLoggerListener.log 命令行参数：       -Djava.util.logging.config.file=E:\java\javaWeb\尚硅谷最新版JavaWeb全套教程资料\资料\05-XML & Tomcat\资料\apache-tomcat-10.0.20-windows-x64\apache-tomcat-10.0.20\conf\logging.properties
18-Apr-2022 09:37:06.223 信息 [main] org.apache.catalina.startup.VersionLoggerListener.log 命令行参数：       -Djava.util.logging.manager=org.apache.juli.ClassLoaderLogManager
18-Apr-2022 09:37:06.223 信息 [main] org.apache.catalina.startup.VersionLoggerListener.log 命令行参数：       -Djdk.tls.ephemeralDHKeySize=2048
18-Apr-2022 09:37:06.224 信息 [main] org.apache.catalina.startup.VersionLoggerListener.log 命令行参数：       -Djava.protocol.handler.pkgs=org.apache.catalina.webresources
18-Apr-2022 09:37:06.224 信息 [main] org.apache.catalina.startup.VersionLoggerListener.log 命令行参数：       -Dignore.endorsed.dirs=
18-Apr-2022 09:37:06.224 信息 [main] org.apache.catalina.startup.VersionLoggerListener.log 命令行参数：       -Dcatalina.base=E:\java\javaWeb\尚硅谷最新版JavaWeb全套教程资料\资料\05-XML & Tomcat\资料\apache-tomcat-10.0.20-windows-x64\apache-tomcat-10.0.20
18-Apr-2022 09:37:06.225 信息 [main] org.apache.catalina.startup.VersionLoggerListener.log 命令行参数：       -Dcatalina.home=E:\java\javaWeb\尚硅谷最新版JavaWeb全套教程资料\资料\05-XML & Tomcat\资料\apache-tomcat-10.0.20-windows-x64\apache-tomcat-10.0.20
18-Apr-2022 09:37:06.225 信息 [main] org.apache.catalina.startup.VersionLoggerListener.log 命令行参数：       -Djava.io.tmpdir=E:\java\javaWeb\尚硅谷最新版JavaWeb全套教程资料\资料\05-XML & Tomcat\资料\apache-tomcat-10.0.20-windows-x64\apache-tomcat-10.0.20\temp
18-Apr-2022 09:37:06.229 信息 [main] org.apache.catalina.core.AprLifecycleListener.lifecycleEvent 使用APR版本[1.7.0]加载了基于APR的Apache Tomcat本机库[1.2.32]。
18-Apr-2022 09:37:06.229 信息 [main] org.apache.catalina.core.AprLifecycleListener.lifecycleEvent APR功能：IPv6[true]、sendfile[true]、accept filters[false]、random[true]、UDS [true]。
18-Apr-2022 09:37:06.234 信息 [main] org.apache.catalina.core.AprLifecycleListener.initializeSSL OpenSSL成功初始化 [OpenSSL 1.1.1n  15 Mar 2022]
18-Apr-2022 09:37:06.460 信息 [main] org.apache.coyote.AbstractProtocol.init 初始化协议处理器 ["http-nio-8080"]
18-Apr-2022 09:37:06.483 信息 [main] org.apache.catalina.startup.Catalina.load 服务器在[465]毫秒内初始化
18-Apr-2022 09:37:06.512 信息 [main] org.apache.catalina.core.StandardService.startInternal 正在启动服务[Catalina]
18-Apr-2022 09:37:06.512 信息 [main] org.apache.catalina.core.StandardEngine.startInternal 正在启动 Servlet 引擎：[Apache Tomcat/10.0.20]
18-Apr-2022 09:37:06.520 信息 [main] org.apache.catalina.startup.HostConfig.deployDirectory 把web 应用程序部署到目录 [E:\java\javaWeb\尚硅谷最新版JavaWeb全套教程资料\资料\05-XML & Tomcat\资料\apache-tomcat-10.0.20-windows-x64\apache-tomcat-10.0.20\webapps\docs]
18-Apr-2022 09:37:06.815 信息 [main] org.apache.catalina.startup.HostConfig.deployDirectory Web应用程序目录[E:\java\javaWeb\尚硅谷最新版JavaWeb全套教程资料\资料\05-XML & Tomcat\资料\apache-tomcat-10.0.20-windows-x64\apache-tomcat-10.0.20\webapps\docs]的部署已在[293]毫秒内完成
18-Apr-2022 09:37:06.815 信息 [main] org.apache.catalina.startup.HostConfig.deployDirectory 把web 应用程序部署到目录 [E:\java\javaWeb\尚硅谷最新版JavaWeb全套教程资料\资料\05-XML & Tomcat\资料\apache-tomcat-10.0.20-windows-x64\apache-tomcat-10.0.20\webapps\examples]
18-Apr-2022 09:37:07.270 信息 [main] org.apache.catalina.startup.HostConfig.deployDirectory Web应用程序目录[E:\java\javaWeb\尚硅谷最新版JavaWeb全套教程资料\资料\05-XML & Tomcat\资料\apache-tomcat-10.0.20-windows-x64\apache-tomcat-10.0.20\webapps\examples]的部署已在[455]毫秒内完成
18-Apr-2022 09:37:07.271 信息 [main] org.apache.catalina.startup.HostConfig.deployDirectory 把web 应用程序部署到目录 [E:\java\javaWeb\尚硅谷最新版JavaWeb全套教程资料\资料\05-XML & Tomcat\资料\apache-tomcat-10.0.20-windows-x64\apache-tomcat-10.0.20\webapps\host-manager]
18-Apr-2022 09:37:07.323 信息 [main] org.apache.catalina.startup.HostConfig.deployDirectory Web应用程序目录[E:\java\javaWeb\尚硅谷最新版JavaWeb全套教程资料\资料\05-XML & Tomcat\资料\apache-tomcat-10.0.20-windows-x64\apache-tomcat-10.0.20\webapps\host-manager]的部署已在[52]毫秒内完成
18-Apr-2022 09:37:07.324 信息 [main] org.apache.catalina.startup.HostConfig.deployDirectory 把web 应用程序部署到目录 [E:\java\javaWeb\尚硅谷最新版JavaWeb全套教程资料\资料\05-XML & Tomcat\资料\apache-tomcat-10.0.20-windows-x64\apache-tomcat-10.0.20\webapps\manager]
18-Apr-2022 09:37:07.381 信息 [main] org.apache.catalina.startup.HostConfig.deployDirectory Web应用程序目录[E:\java\javaWeb\尚硅谷最新版JavaWeb全套教程资料\资料\05-XML & Tomcat\资料\apache-tomcat-10.0.20-windows-x64\apache-tomcat-10.0.20\webapps\manager]的部署已在[56]毫秒内完成
18-Apr-2022 09:37:07.381 信息 [main] org.apache.catalina.startup.HostConfig.deployDirectory 把web 应用程序部署到目录 [E:\java\javaWeb\尚硅谷最新版JavaWeb全套教程资料\资料\05-XML & Tomcat\资料\apache-tomcat-10.0.20-windows-x64\apache-tomcat-10.0.20\webapps\ROOT]
18-Apr-2022 09:37:07.414 信息 [main] org.apache.catalina.startup.HostConfig.deployDirectory Web应用程序目录[E:\java\javaWeb\尚硅谷最新版JavaWeb全套教程资料\资料\05-XML & Tomcat\资料\apache-tomcat-10.0.20-windows-x64\apache-tomcat-10.0.20\webapps\ROOT]的部署已在[33]毫秒内完成
18-Apr-2022 09:37:07.417 信息 [main] org.apache.coyote.AbstractProtocol.start 开始协议处理句柄["http-nio-8080"]
18-Apr-2022 09:37:07.482 信息 [main] org.apache.catalina.startup.Catalina.start [999]毫秒后服务器启动
18-Apr-2022 09:38:14.772 信息 [main] org.apache.catalina.startup.VersionLoggerListener.log Server.服务器版本: Apache Tomcat/10.0.20
18-Apr-2022 09:38:14.778 信息 [main] org.apache.catalina.startup.VersionLoggerListener.log 服务器构建:        Mar 31 2022 14:24:36 UTC
18-Apr-2022 09:38:14.778 信息 [main] org.apache.catalina.startup.VersionLoggerListener.log 服务器版本号:      10.0.20.0
18-Apr-2022 09:38:14.779 信息 [main] org.apache.catalina.startup.VersionLoggerListener.log 操作系统名称:      Windows 10
18-Apr-2022 09:38:14.779 信息 [main] org.apache.catalina.startup.VersionLoggerListener.log OS.版本:           10.0
18-Apr-2022 09:38:14.779 信息 [main] org.apache.catalina.startup.VersionLoggerListener.log 架构:              amd64
18-Apr-2022 09:38:14.779 信息 [main] org.apache.catalina.startup.VersionLoggerListener.log Java 环境变量:     C:\Program Files\Java\jdk-17
18-Apr-2022 09:38:14.779 信息 [main] org.apache.catalina.startup.VersionLoggerListener.log Java虚拟机版本:    17+35-2724
18-Apr-2022 09:38:14.779 信息 [main] org.apache.catalina.startup.VersionLoggerListener.log JVM.供应商:        Oracle Corporation
18-Apr-2022 09:38:14.780 信息 [main] org.apache.catalina.startup.VersionLoggerListener.log CATALINA_BASE:     E:\java\javaWeb\尚硅谷最新版JavaWeb全套教程资料\资料\05-XML & Tomcat\资料\apache-tomcat-10.0.20-windows-x64\apache-tomcat-10.0.20
18-Apr-2022 09:38:14.780 信息 [main] org.apache.catalina.startup.VersionLoggerListener.log CATALINA_HOME:     E:\java\javaWeb\尚硅谷最新版JavaWeb全套教程资料\资料\05-XML & Tomcat\资料\apache-tomcat-10.0.20-windows-x64\apache-tomcat-10.0.20
18-Apr-2022 09:38:14.789 信息 [main] org.apache.catalina.startup.VersionLoggerListener.log 命令行参数：       --add-opens=java.base/java.lang=ALL-UNNAMED
18-Apr-2022 09:38:14.792 信息 [main] org.apache.catalina.startup.VersionLoggerListener.log 命令行参数：       --add-opens=java.base/java.io=ALL-UNNAMED
18-Apr-2022 09:38:14.793 信息 [main] org.apache.catalina.startup.VersionLoggerListener.log 命令行参数：       --add-opens=java.base/java.util=ALL-UNNAMED
18-Apr-2022 09:38:14.793 信息 [main] org.apache.catalina.startup.VersionLoggerListener.log 命令行参数：       --add-opens=java.base/java.util.concurrent=ALL-UNNAMED
18-Apr-2022 09:38:14.794 信息 [main] org.apache.catalina.startup.VersionLoggerListener.log 命令行参数：       --add-opens=java.rmi/sun.rmi.transport=ALL-UNNAMED
18-Apr-2022 09:38:14.795 信息 [main] org.apache.catalina.startup.VersionLoggerListener.log 命令行参数：       -Djava.util.logging.config.file=E:\java\javaWeb\尚硅谷最新版JavaWeb全套教程资料\资料\05-XML & Tomcat\资料\apache-tomcat-10.0.20-windows-x64\apache-tomcat-10.0.20\conf\logging.properties
18-Apr-2022 09:38:14.795 信息 [main] org.apache.catalina.startup.VersionLoggerListener.log 命令行参数：       -Djava.util.logging.manager=org.apache.juli.ClassLoaderLogManager
18-Apr-2022 09:38:14.795 信息 [main] org.apache.catalina.startup.VersionLoggerListener.log 命令行参数：       -Djdk.tls.ephemeralDHKeySize=2048
18-Apr-2022 09:38:14.796 信息 [main] org.apache.catalina.startup.VersionLoggerListener.log 命令行参数：       -Djava.protocol.handler.pkgs=org.apache.catalina.webresources
18-Apr-2022 09:38:14.796 信息 [main] org.apache.catalina.startup.VersionLoggerListener.log 命令行参数：       -Dignore.endorsed.dirs=
18-Apr-2022 09:38:14.797 信息 [main] org.apache.catalina.startup.VersionLoggerListener.log 命令行参数：       -Dcatalina.base=E:\java\javaWeb\尚硅谷最新版JavaWeb全套教程资料\资料\05-XML & Tomcat\资料\apache-tomcat-10.0.20-windows-x64\apache-tomcat-10.0.20
18-Apr-2022 09:38:14.797 信息 [main] org.apache.catalina.startup.VersionLoggerListener.log 命令行参数：       -Dcatalina.home=E:\java\javaWeb\尚硅谷最新版JavaWeb全套教程资料\资料\05-XML & Tomcat\资料\apache-tomcat-10.0.20-windows-x64\apache-tomcat-10.0.20
18-Apr-2022 09:38:14.798 信息 [main] org.apache.catalina.startup.VersionLoggerListener.log 命令行参数：       -Djava.io.tmpdir=E:\java\javaWeb\尚硅谷最新版JavaWeb全套教程资料\资料\05-XML & Tomcat\资料\apache-tomcat-10.0.20-windows-x64\apache-tomcat-10.0.20\temp
18-Apr-2022 09:38:14.801 信息 [main] org.apache.catalina.core.AprLifecycleListener.lifecycleEvent 使用APR版本[1.7.0]加载了基于APR的Apache Tomcat本机库[1.2.32]。
18-Apr-2022 09:38:14.801 信息 [main] org.apache.catalina.core.AprLifecycleListener.lifecycleEvent APR功能：IPv6[true]、sendfile[true]、accept filters[false]、random[true]、UDS [true]。
18-Apr-2022 09:38:14.807 信息 [main] org.apache.catalina.core.AprLifecycleListener.initializeSSL OpenSSL成功初始化 [OpenSSL 1.1.1n  15 Mar 2022]
18-Apr-2022 09:38:15.078 信息 [main] org.apache.coyote.AbstractProtocol.init 初始化协议处理器 ["http-nio-8080"]
18-Apr-2022 09:38:15.099 信息 [main] org.apache.catalina.startup.Catalina.load 服务器在[536]毫秒内初始化
18-Apr-2022 09:38:15.134 信息 [main] org.apache.catalina.core.StandardService.startInternal 正在启动服务[Catalina]
18-Apr-2022 09:38:15.135 信息 [main] org.apache.catalina.core.StandardEngine.startInternal 正在启动 Servlet 引擎：[Apache Tomcat/10.0.20]
18-Apr-2022 09:38:15.144 信息 [main] org.apache.catalina.startup.HostConfig.deployDirectory 把web 应用程序部署到目录 [E:\java\javaWeb\尚硅谷最新版JavaWeb全套教程资料\资料\05-XML & Tomcat\资料\apache-tomcat-10.0.20-windows-x64\apache-tomcat-10.0.20\webapps\docs]
18-Apr-2022 09:38:15.459 信息 [main] org.apache.catalina.startup.HostConfig.deployDirectory Web应用程序目录[E:\java\javaWeb\尚硅谷最新版JavaWeb全套教程资料\资料\05-XML & Tomcat\资料\apache-tomcat-10.0.20-windows-x64\apache-tomcat-10.0.20\webapps\docs]的部署已在[313]毫秒内完成
18-Apr-2022 09:38:15.460 信息 [main] org.apache.catalina.startup.HostConfig.deployDirectory 把web 应用程序部署到目录 [E:\java\javaWeb\尚硅谷最新版JavaWeb全套教程资料\资料\05-XML & Tomcat\资料\apache-tomcat-10.0.20-windows-x64\apache-tomcat-10.0.20\webapps\examples]
18-Apr-2022 09:38:15.981 信息 [main] org.apache.catalina.startup.HostConfig.deployDirectory Web应用程序目录[E:\java\javaWeb\尚硅谷最新版JavaWeb全套教程资料\资料\05-XML & Tomcat\资料\apache-tomcat-10.0.20-windows-x64\apache-tomcat-10.0.20\webapps\examples]的部署已在[521]毫秒内完成
18-Apr-2022 09:38:15.982 信息 [main] org.apache.catalina.startup.HostConfig.deployDirectory 把web 应用程序部署到目录 [E:\java\javaWeb\尚硅谷最新版JavaWeb全套教程资料\资料\05-XML & Tomcat\资料\apache-tomcat-10.0.20-windows-x64\apache-tomcat-10.0.20\webapps\host-manager]
18-Apr-2022 09:38:16.032 信息 [main] org.apache.catalina.startup.HostConfig.deployDirectory Web应用程序目录[E:\java\javaWeb\尚硅谷最新版JavaWeb全套教程资料\资料\05-XML & Tomcat\资料\apache-tomcat-10.0.20-windows-x64\apache-tomcat-10.0.20\webapps\host-manager]的部署已在[50]毫秒内完成
18-Apr-2022 09:38:16.033 信息 [main] org.apache.catalina.startup.HostConfig.deployDirectory 把web 应用程序部署到目录 [E:\java\javaWeb\尚硅谷最新版JavaWeb全套教程资料\资料\05-XML & Tomcat\资料\apache-tomcat-10.0.20-windows-x64\apache-tomcat-10.0.20\webapps\manager]
18-Apr-2022 09:38:16.102 信息 [main] org.apache.catalina.startup.HostConfig.deployDirectory Web应用程序目录[E:\java\javaWeb\尚硅谷最新版JavaWeb全套教程资料\资料\05-XML & Tomcat\资料\apache-tomcat-10.0.20-windows-x64\apache-tomcat-10.0.20\webapps\manager]的部署已在[69]毫秒内完成
18-Apr-2022 09:38:16.103 信息 [main] org.apache.catalina.startup.HostConfig.deployDirectory 把web 应用程序部署到目录 [E:\java\javaWeb\尚硅谷最新版JavaWeb全套教程资料\资料\05-XML & Tomcat\资料\apache-tomcat-10.0.20-windows-x64\apache-tomcat-10.0.20\webapps\ROOT]
18-Apr-2022 09:38:16.146 信息 [main] org.apache.catalina.startup.HostConfig.deployDirectory Web应用程序目录[E:\java\javaWeb\尚硅谷最新版JavaWeb全套教程资料\资料\05-XML & Tomcat\资料\apache-tomcat-10.0.20-windows-x64\apache-tomcat-10.0.20\webapps\ROOT]的部署已在[43]毫秒内完成
18-Apr-2022 09:38:16.149 信息 [main] org.apache.coyote.AbstractProtocol.start 开始协议处理句柄["http-nio-8080"]
18-Apr-2022 09:38:16.224 信息 [main] org.apache.catalina.startup.Catalina.start [1124]毫秒后服务器启动
